Error 404 while downloading Presspack_fala-słuchalności-w-miastach_-wrzesień-2020-luty-2021-1.xls from https://badaniaradiowe.pl/wp-content/uploads/2021/03/Presspack_fala-s%C5%82uchalno%C5%9Bci-w-miastach_-wrzesie%C5%84-2020-luty-2021-1.xls
Error 404 while downloading Presspack-fala-słuchalnosci-radia-w-miastach_listopad-2020-styczeń-2021.xls from https://badaniaradiowe.pl/wp-content/uploads/2021/03/Presspack-fala-s%C5%82uchalnosci-radia-w-miastach_listopad-2020-stycze%C5%84-2021.xls
Error 404 while downloading Presspack_miasta_-fala-lipiec-grudzień-2020.xls from https://badaniaradiowe.pl/wp-content/uploads/2021/01/Presspack_miasta_-fala-lipiec-grudzie%C5%84-2020.xls
Error 404 while downloading Presspack_miasta_-fala-maj-październik-2020-1.xls from https://badaniaradiowe.pl/wp-content/uploads/2020/11/Presspack_miasta_-fala-maj-pa%C5%BAdziernik-2020-1.xls
Error 404 while downloading Presspack_miasta_-fala-kwiecień-wrzesień-2020.xls from https://badaniaradiowe.pl/wp-content/uploads/2020/10/Presspack_miasta_-fala-kwiecie%C5%84-wrzesie%C5%84-2020.xls
Error 404 while downloading Presspack_miasta_-fala-marzec-sierpień-2020.xls from https://badaniaradiowe.pl/wp-content/uploads/2020/09/Presspack_miasta_-fala-marzec-sierpie%C5%84-2020.xls
Error 404 while downloading Presspack_miasta_-fala-styczeń-czerwiec-2020.xls from https://badaniaradiowe.pl/wp-content/uploads/2020/07/Presspack_miasta_-fala-stycze%C5%84-czerwiec-2020.xls
Error 404 while downloading Presspack_miasta_-fala-grudzień-2019-maj-2020.xls from https://badaniaradiowe.pl/wp-content/uploads/2020/06/Presspack_miasta_-fala-grudzie%C5%84-2019-maj-2020.xls
Error 404 while downloading Presspack_miasta_-fala-listopad-2019-kwiecień-2020.xls from https://badaniaradiowe.pl/wp-content/uploads/2020/05/Presspack_miasta_-fala-listopad-2019-kwiecie%C5%84-2020.xls
Error 404 while downloading Presspack_miasta_-fala-październik-2019-marzec-2020.xls from https://badaniaradiowe.pl/wp-content/uploads/2020/04/Presspack_miasta_-fala-pa%C5%BAdziernik-2019-marzec-2020.xls
Error 404 while downloading Presspack_miasta_-fala-wrzesień-2019-luty-2020.xls from https://badaniaradiowe.pl/wp-content/uploads/2020/03/Presspack_miasta_-fala-wrzesie%C5%84-2019-luty-2020.xls
Error 404 while downloading Presspack_miasta_-fala-sierpień-2019-styczeń-2020.xls from https://badaniaradiowe.pl/wp-content/uploads/2020/02/Presspack_miasta_-fala-sierpie%C5%84-2019-stycze%C5%84-2020.xls
Error 404 while downloading Presspack_miasta_-fala-lipiec-grudzień-2019.xls from https://badaniaradiowe.pl/wp-content/uploads/2020/01/Presspack_miasta_-fala-lipiec-grudzie%C5%84-2019.xls
Error 404 while downloading Presspack_miasta_-fala-maj-październik-2019.xls from https://badaniaradiowe.pl/wp-content/uploads/2019/11/Presspack_miasta_-fala-maj-pa%C5%BAdziernik-2019.xls
Error 404 while downloading Presspack_miasta_-fala-kwiecień-wrzesień-2019.xls from https://badaniaradiowe.pl/wp-content/uploads/2019/10/Presspack_miasta_-fala-kwiecie%C5%84-wrzesie%C5%84-2019.xls
Error 404 while downloading Presspack_miasta_-fala-marzec-sierpień-2019.xls from https://badaniaradiowe.pl/wp-content/uploads/2019/09/Presspack_miasta_-fala-marzec-sierpie%C5%84-2019.xls
Error 404 while downloading Presspack_miasta_fala-grudzień-2018-maj-2019.ods from https://badaniaradiowe.pl/wp-content/uploads/2019/08/Presspack_miasta_fala-grudzie%C5%84-2018-maj-2019.ods
Error 404 while downloading Presspack_miasta_fala-pażdziernik-2018-marzec-2019.ods from https://badaniaradiowe.pl/wp-content/uploads/2019/05/Presspack_miasta_fala-pa%C5%BCdziernik-2018-marzec-2019.ods
Error 404 while downloading Presspack_miasta_fala-wrzesień-2018-luty-2019-1.ods from https://badaniaradiowe.pl/wp-content/uploads/2019/03/Presspack_miasta_fala-wrzesie%C5%84-2018-luty-2019-1.ods
Error 404 while downloading Presspack_miasta_fala-sierpień-2018-styczeń-2019.ods from https://badaniaradiowe.pl/wp-content/uploads/2019/03/Presspack_miasta_fala-sierpie%C5%84-2018-stycze%C5%84-2019.ods
Error 404 while downloading Presspack_miasta_fala-lipiec-grudzień-2018.ods from https://badaniaradiowe.pl/wp-content/uploads/2019/01/Presspack_miasta_fala-lipiec-grudzie%C5%84-2018.ods
Error 404 while downloading Presspack_-miasta_fala_maj-pażdziernik-2018.ods from https://badaniaradiowe.pl/wp-content/uploads/2018/11/Presspack_-miasta_fala_maj-pa%C5%BCdziernik-2018.ods
Error 404 while downloading Presspack_-miasta_fala_kwiecień-wrzesień-2018.ods from https://badaniaradiowe.pl/wp-content/uploads/2018/10/Presspack_-miasta_fala_kwiecie%C5%84-wrzesie%C5%84-2018.ods
Error 404 while downloading Presspack_-miasta_fala_marzec-sierpień-2018.ods from https://badaniaradiowe.pl/wp-content/uploads/2018/10/Presspack_-miasta_fala_marzec-sierpie%C5%84-2018.ods
Error 404 while downloading Presspack_fala-słuchalnosci-radia-w-miastach-luty-lipiec-2018.ods from https://badaniaradiowe.pl/wp-content/uploads/2018/08/Presspack_fala-s%C5%82uchalnosci-radia-w-miastach-luty-lipiec-2018.ods
Error 404 while downloading Presspack_miasta_fala-słuchalności_grudzień-2017-maj-2018.ods from https://badaniaradiowe.pl/wp-content/uploads/2018/06/Presspack_miasta_fala-s%C5%82uchalno%C5%9Bci_grudzie%C5%84-2017-maj-2018.ods
Error 404 while downloading Presspack_miasta_fala-październik-2017-marzec-2018.ods from https://badaniaradiowe.pl/wp-content/uploads/2018/04/Presspack_miasta_fala-pa%C5%BAdziernik-2017-marzec-2018.ods
Error 404 while downloading Presspack_miasta_fala-lipiec-grudzień-2017.ods from https://badaniaradiowe.pl/wp-content/uploads/2018/04/Presspack_miasta_fala-lipiec-grudzie%C5%84-2017.ods
Error 404 while downloading Presspack_miasta_fala-maj-październik_2017.ods from https://badaniaradiowe.pl/wp-content/uploads/2018/04/Presspack_miasta_fala-maj-pa%C5%BAdziernik_2017.ods
Error 404 while downloading Presspack_miasta_kwiecień-wrzesien_2017.ods from https://badaniaradiowe.pl/wp-content/uploads/2018/04/Presspack_miasta_kwiecie%C5%84-wrzesien_2017.ods
Error 404 while downloading grudzień-2016_-maj-2017.ods from https://badaniaradiowe.pl/wp-content/uploads/2018/04/grudzie%C5%84-2016_-maj-2017.ods
Error 404 while downloading pażdziernik-2016-marzec-2017.ods from https://badaniaradiowe.pl/wp-content/uploads/2018/04/pa%C5%BCdziernik-2016-marzec-2017.ods
Error 404 while downloading Presspack_miasta_fala-wrzesień-2018-luty-2019.ods from https://badaniaradiowe.pl/wp-content/uploads/2019/03/Presspack_miasta_fala-wrzesie%C5%84-2018-luty-2019.ods
Error 404 while downloading sierpień-2016-styczeń-2017.ods from https://badaniaradiowe.pl/wp-content/uploads/2018/04/sierpie%C5%84-2016-stycze%C5%84-2017.ods
Error 404 while downloading lipiec2016-grudzień2016.ods from https://badaniaradiowe.pl/wp-content/uploads/2018/04/lipiec2016-grudzie%C5%842016.ods
Error 404 while downloading Presspack_październik_2016_miasta.ods from https://badaniaradiowe.pl/wp-content/uploads/2018/04/Presspack_pa%C5%BAdziernik_2016_miasta.ods
Error 404 while downloading marzec-2016-sierpień-2016.ods from https://badaniaradiowe.pl/wp-content/uploads/2018/04/marzec-2016-sierpie%C5%84-2016.ods
Error 404 while downloading Prespack_grudzień-2015-maj_2016.ods from https://badaniaradiowe.pl/wp-content/uploads/2018/04/Prespack_grudzie%C5%84-2015-maj_2016.ods
